
GET /contacts 03-06-2023_04:56:08
GET / 03-06-2023_04:56:14
GET /products 03-06-2023_04:56:34
GET / 03-06-2023_05:40:50
GET / 03-06-2023_05:41:10
GET / 03-06-2023_05:41:17
GET / 03-06-2023_05:41:24
GET / 03-06-2023_05:41:40
GET /contacts 03-06-2023_05:42:23
GET /products 03-06-2023_05:42:35
GET /product 03-06-2023_05:57:03
GET / 03-06-2023_05:57:12
GET /products 03-06-2023_05:57:24
GET / 03-06-2023_05:57:27
GET /api/contacts 03-06-2023_05:58:55
GET /api/contacs 03-06-2023_06:20:06
GET /api/contacts 03-06-2023_06:20:13
GET / 03-06-2023_06:20:21
GET / 03-06-2023_06:20:23
GET /api/contacts 03-06-2023_06:20:28
GET /api/contact 03-06-2023_06:20:38
GET /api/contacts 03-06-2023_06:20:41
GET /api/contacts 03-06-2023_06:21:56
GET /api/contacts 03-06-2023_06:25:34
GET /api/contacts/qdggE76Jtbfd9eWJHrssH 03-06-2023_06:30:23
GET /api/contacts 03-06-2023_06:31:48
GET /api/contacts/qdggE76Jtbfd9eWJHrssH/active 03-06-2023_06:32:01
GET /api/contacts/qdggE76Jtbfd9eWJHrssH 03-06-2023_06:38:35
GET /api/contacts/qdggE76Jtbfd9eWJHrssH 03-06-2023_06:38:56
GET /api/contacts/qdggE76Jtbfd9eWJHrssH 03-06-2023_06:39:19
GET / 03-06-2023_06:41:03
GET /products 03-06-2023_06:41:09
GET /api/contacts/qdggE76Jtbfd9eWJHrssH 03-06-2023_06:41:48
GET /api/contacts/qdggE76Jtbfd9eWJHrssH 03-06-2023_07:54:27
GET /api/contacts/qdggE76Jtbfd9eWJHrssH1 03-06-2023_07:54:31
GET /api/contacts/qdggE76Jtbfd9eWJHrss 03-06-2023_07:57:01
GET /api/contacts/qdggE76Jtbfd9eWJHrss 03-06-2023_07:58:00
GET /products 03-06-2023_07:59:54
GET / 03-06-2023_08:00:23
GET /api/contacts/qdggE76Jtbfd9eWJHrssH 03-06-2023_08:02:54
GET /api/contacts/qdggE76Jtbfd9eWJHrssH5 03-06-2023_08:03:46
GET /api/contacts/qdggE76Jtbfd9eWJHrssH1 03-06-2023_08:04:00
GET /api/contacts/qdggE76Jtbfd9eWJHrssH 03-06-2023_08:04:02
POST /api/contacts 03-06-2023_08:11:40
POST /api/contacts 03-06-2023_08:14:20
POST /api/contacts 03-06-2023_08:14:31
POST /api/contacts 03-06-2023_08:21:37
POST /api 03-06-2023_08:23:13
POST /api/contacts 03-06-2023_08:23:20
POST /api/contacts 03-06-2023_08:24:20
POST / 03-06-2023_08:30:27
POST / 03-06-2023_08:30:44
POST /api/contacts 03-06-2023_08:30:54
GET /products 03-06-2023_09:09:25
POST /api/contacts/ 03-06-2023_09:09:54
POST /api/contacts/ 03-06-2023_09:09:59
POST /api/contacts/ 03-06-2023_09:10:51
POST /api/contacts/ 03-06-2023_09:12:32
POST /api/contacts/ 03-06-2023_09:13:00
GET / 03-06-2023_09:14:12
GET /contacts 03-06-2023_09:14:16
GET /products 03-06-2023_09:14:22
GET /products 03-06-2023_09:15:51
GET /products 03-06-2023_09:16:10
GET /contacts 03-06-2023_09:16:16
POST /api/contacts/ 03-06-2023_09:16:22
POST /api/contacts/ 03-06-2023_09:17:17
POST /api/contacts/ 03-06-2023_09:17:38
POST /api/contacts/ 03-06-2023_09:18:07
POST /api/contacts/ 03-06-2023_09:18:56
POST /api/contacts/ 03-06-2023_09:20:02
POST /api/contacts/ 03-06-2023_09:26:59
GET /api/contacts 03-06-2023_09:27:26
POST /api/contacts/ 03-06-2023_09:27:34
GET /api/contacts 03-06-2023_11:07:03
GET /api/contacts 03-06-2023_11:11:44
GET /api/contacts 03-06-2023_11:20:07
GET /api/contacts 03-06-2023_11:30:14
GET /api/contacts 03-06-2023_11:41:57
GET /api/contacts/vza2RIzNGIwutCVCs4mCL 03-06-2023_11:42:05
GET /api/contacts/vza2RIzNGIwutCVCs4mCL 03-06-2023_11:45:25
GET /api/contacts/vza2RIzNGIwutCVCs4mCL1 03-06-2023_11:45:31
GET /api/contacts/vza2RIzNGIwutCVCs4mCL 03-06-2023_11:45:35
GET /api/contacts/vza2RIzNGIwutCVCs4mCL 03-06-2023_11:49:37
GET /api/contacts/vza2RIzNGIwutCVCs4mCL 03-06-2023_11:55:18
GET /api/contacts/vza2RIzNGIwutCVCs4mCL1 03-06-2023_11:55:22
GET /api/contacts/ 03-06-2023_11:56:17
GET /api/contacts/qdggE76Jtbfd9eWJHrssH 03-06-2023_11:56:25
GET /api/contacts/qdggE76Jtbfd9eWJHrssH1 03-06-2023_11:56:32
GET /api/contacts/qdggE76Jtbfd9eWJHrssH 03-06-2023_11:57:32
GET /api/contacts/qdggE76Jtbfd9eWJHrssH1 03-06-2023_11:57:36
GET /api/contacts/qdggE76Jtbfd9eWJHrssH 03-06-2023_11:57:39
GET /api/contacts/qdggE76Jtbfd9eWJHrssH 04-06-2023_12:12:56
GET /api/contacts/qdggE76Jtbfd9eWJHrssH1 04-06-2023_12:13:00
GET /api/contacts/qdggE76Jtbfd9eWJHrssH1 04-06-2023_12:20:00
GET /api/contacts/qdggE76Jtbfd9eWJHrssH 04-06-2023_12:20:09
GET /api/contacts/qdggE76Jtbfd9eWJHrssH 04-06-2023_12:20:32
GET /api/contacts/qdggE76Jtbfd9eWJHrssH1 04-06-2023_12:20:42
GET /api/contacts/qdggE76Jtbfd9eWJHrssH1 04-06-2023_12:20:49
GET /api/contacts/qdggE76Jtbfd9eWJHrssH 04-06-2023_12:20:58
GET /api/contacts/qdggE76Jtbfd9eWJHrssH1 04-06-2023_11:56:52
GET /api/contacts/qdggE76Jtbfd9eWJHrssH 04-06-2023_11:56:55
POST /api/contacts/qdggE76Jtbfd9eWJHrssH 04-06-2023_11:58:06
POST /api/contacts/ 04-06-2023_11:58:16
POST /api/contacts/ 04-06-2023_11:58:34
GET /api/contacts/ 04-06-2023_11:58:44
GET /api/contacts/ 04-06-2023_12:05:30
GET /api/contacts/qdggE76Jtbfd9eWJHrssH 04-06-2023_12:05:48
GET /api/contacts/qdggE76Jtbfd9eWJHrssH 04-06-2023_12:06:01
GET /api/contacts/qdggE76Jtbfd9eWJHrssH1 04-06-2023_12:06:03
GET /api/contacts/qdggE76Jtbfd9eWJHrssH 04-06-2023_12:06:06
GET /api/contacts/qdggE76Jtbfd9eWJHrssH 04-06-2023_12:08:52
GET /api/contacts/qdggE76Jtbfd9eWJHrssH1 04-06-2023_12:08:54
GET /api/contacts/qdggE76Jtbfd9eWJHrssH 04-06-2023_12:08:58
POST /api/contacts/ 04-06-2023_12:22:23
POST /api/contacts/ 04-06-2023_12:24:58
POST /api/contacts/ 04-06-2023_12:25:32
POST /api/contacts/ 04-06-2023_12:27:34
POST /api/contacts/ 04-06-2023_12:41:18
POST /api/contacts/ 04-06-2023_12:43:25
POST /api/contacts/ 04-06-2023_12:43:45
POST /api/contacts/ 04-06-2023_12:59:33
POST /api/contacts/ 04-06-2023_01:00:21
POST /api/contacts/ 04-06-2023_01:00:30
POST /api/contacts/ 04-06-2023_01:01:45
POST /api/contacts/ 04-06-2023_01:03:13
POST /api/contacts/ 04-06-2023_01:07:11
POST /api/contacts/ 04-06-2023_01:12:22
POST /api/contacts/ 04-06-2023_01:13:08
POST /api/contacts/ 04-06-2023_01:14:23
POST /api/contacts/ 04-06-2023_01:16:14
POST /api/contacts/ 04-06-2023_01:17:01
POST /api/contacts/ 04-06-2023_01:17:26
GET /api/contacts/ 04-06-2023_01:17:44
POST /api/contacts/ 04-06-2023_01:18:11
PUT /api/contacts/03814383-5cf7-4020-8269-f609521f0a95 04-06-2023_02:00:21
PUT /api/contacts/03814383-5cf7-4020-8269-f609521f0a95 04-06-2023_05:06:49
GET /api/contacts/ 04-06-2023_05:07:21
POST /api/contacts/ 04-06-2023_05:07:47
PUT /api/contacts/03814383-5cf7-4020-8269-f609521f0a95 04-06-2023_05:08:13
PUT /api/contacts/03814383-5cf7-4020-8269-f609521f0a951 04-06-2023_05:10:11
PUT /api/contacts/03814383-5cf7-4020-8269-f609521f0a95 04-06-2023_05:10:16
PUT /api/contacts/03814383-5cf7-4020-8269-f609521f0a95 04-06-2023_05:10:24
PUT /api/contacts/03814383-5cf7-4020-8269-f609521f0a95 04-06-2023_05:11:55
PUT /api/contacts/03814383-5cf7-4020-8269-f609521f0a95 04-06-2023_05:15:57
PUT /api/contacts/03814383-5cf7-4020-8269-f609521f0a95 04-06-2023_06:59:31
PUT /api/contacts/03814383-5cf7-4020-8269-f609521f0a95q 04-06-2023_06:59:39
PUT /api/contacts/03814383-5cf7-4020-8269-f609521f0a95 04-06-2023_06:59:43
PUT /api/contacts/03814383-5cf7-4020-8269-f609521f0a9 04-06-2023_06:59:46
PUT /api/contacts/03814383-5cf7-4020-8269-f609521f0a95 04-06-2023_06:59:49
PUT /api/contacts/1 04-06-2023_06:59:58
PUT /api/contacts/1 04-06-2023_07:01:58
PUT /api/contacts/e 04-06-2023_07:02:02
DELETE /api/contacts/18543fdf-c8d0-440f-8b99-11686b59953d 04-06-2023_07:12:12
DELETE /api/contacts/18543fdf-c8d0-440f-8b99-11686b59953d 04-06-2023_07:24:03
DELETE /api/contacts/18543fdf-c8d0-440f-8b99-11686b59953d 04-06-2023_07:24:32
DELETE /api/contacts/03814383-5cf7-4020-8269-f609521f0a95 04-06-2023_07:24:58
DELETE /api/contacts/4046a44c-c8f9-4328-b06b-19fa16df49ed 04-06-2023_07:25:15
POST /api/contacts/ 04-06-2023_07:25:51
POST /api/contacts/ 04-06-2023_07:26:09
POST /api/contacts/ 04-06-2023_07:26:25
GET /api/contacts/ 04-06-2023_07:26:38
DELETE /api/contacts/bd27d4de-6305-490a-9bbd-b223e3dc8a31 04-06-2023_07:27:07
GET /api/contacts/ 04-06-2023_07:27:14
PUT /api/contacts/e 04-06-2023_07:27:30
PUT /api/contacts/e 04-06-2023_07:33:51
PUT /api/contacts/123 04-06-2023_07:34:17
PUT /api/contacts/123 04-06-2023_07:35:02
PUT /api/contacts/123 04-06-2023_07:35:23
PUT /api/contacts/123 04-06-2023_07:35:29
PUT /api/contacts/123 04-06-2023_07:35:47
PUT /api/contacts/123 04-06-2023_07:36:37
DELETE /api/contacts/bd27d4de-6305-490a-9bbd-b223e3dc8a311 04-06-2023_07:44:27
DELETE /api/contacts/bd27d4de-6305-490a-9bbd-b223e3dc8a31 04-06-2023_07:44:31
POST /api/contacts/ 04-06-2023_07:44:53
PUT /api/contacts/123 04-06-2023_08:03:57
PUT /api/contacts/467d6ce7-5d9b-42c6-a77f-f90977a627a1 04-06-2023_08:04:58
PUT /api/contacts/467d6ce7-5d9b-42c6-a77f-f90977a627a1 04-06-2023_08:11:25
PUT /api/contacts/467d6ce7-5d9b-42c6-a77f-f90977a627a1 04-06-2023_08:12:15
PUT /api/contacts/467d6ce7-5d9b-42c6-a77f-f90977a627a1 04-06-2023_08:12:34
PUT /api/contacts/467d6ce7-5d9b-42c6-a77f-f90977a627a1 04-06-2023_08:13:00
PUT /api/contacts/467d6ce7-5d9b-42c6-a77f-f90977a627a1 04-06-2023_08:13:01
PUT /api/contacts/467d6ce7-5d9b-42c6-a77f-f90977a627a1 04-06-2023_08:13:32
PUT /api/contacts/467d6ce7-5d9b-42c6-a77f-f90977a627a1 04-06-2023_08:14:54
PUT /api/contacts/16d17811-d6d8-4aa6-a51f-82dda9e3d3e5 04-06-2023_08:15:38
GET /api/contacts/ 04-06-2023_08:17:50
PUT /api/contacts/467d6ce7-5d9b-42c6-a77f-f90977a627a1 04-06-2023_08:18:22
GET /api/contacts/ 04-06-2023_08:18:38
DELETE /api/contacts/16d17811-d6d8-4aa6-a51f-82dda9e3d3e5 04-06-2023_08:20:04
GET /api/contacts/ 04-06-2023_08:20:58
PUT /api/contacts/467d6ce7-5d9b-42c6-a77f-f90977a627a1 04-06-2023_08:21:12
PUT /api/contacts/467d6ce7-5d9b-42c6-a77f-f90977a627a1 04-06-2023_08:22:57
GET /api/contacts/ 04-06-2023_08:23:04
POST /api/contacts/ 04-06-2023_08:23:41
GET /api/contacts/ 04-06-2023_08:23:47
PUT /api/contacts/a6ac149a-9f0c-4f45-ad84-4ed1074939d1 04-06-2023_08:24:31
GET /api/contacts/ 04-06-2023_08:25:49
PUT /api/contacts/a6ac149a-9f0c-4f45-ad84-4ed1074939d1 04-06-2023_08:26:53
PUT /api/contacts/a6ac149a-9f0c-4f45-ad84-4ed1074939d1 04-06-2023_08:27:23
PUT /api/contacts/a6ac149a-9f0c-4f45-ad84-4ed1074939d1 04-06-2023_08:27:37
GET /api/contacts/ 04-06-2023_08:27:47
PUT /api/contacts/a6ac149a-9f0c-4f45-ad84-4ed1074939d1 04-06-2023_08:27:59
GET /api/contacts/ 04-06-2023_08:28:56
PUT /api/contacts/a6ac149a-9f0c-4f45-ad84-4ed1074939d1 04-06-2023_08:29:14
PUT /api/contacts/a6ac149a-9f0c-4f45-ad84-4ed1074939d1 04-06-2023_08:29:27
GET /api/contacts/ 04-06-2023_08:29:40
PUT /api/contacts/a6ac149a-9f0c-4f45-ad84-4ed1074939d11 04-06-2023_08:29:48
DELETE /api/contacts/1 04-06-2023_08:30:40
DELETE /api/contacts/a6ac149a-9f0c-4f45-ad84-4ed1074939d1 04-06-2023_08:30:45
GET /api/contacts/ 04-06-2023_08:31:02
POST /api/contacts/ 04-06-2023_08:31:26
GET /api/contacts/ 04-06-2023_08:31:30
DELETE /api/contacts/c45ba8b0-e7e3-4685-99d9-9103e1bb6c7c1 04-06-2023_08:31:46
DELETE /api/contacts/c45ba8b0-e7e3-4685-99d9-9103e1bb6c7c 04-06-2023_08:31:50
GET /api/contacts/ 04-06-2023_08:31:54
POST /api/contacts/ 04-06-2023_08:32:02
GET /api/contacts/ 04-06-2023_08:32:05
PUT /api/contacts/1 04-06-2023_08:32:15
PUT /api/contacts/80b9cfde-4fa1-4a85-b42a-89fabf54a823 04-06-2023_08:33:11
PUT /api/contacts/80b9cfde-4fa1-4a85-b42a-89fabf54a823 04-06-2023_08:34:15
GET /api/contacts/ 04-06-2023_08:49:04
PUT /api/contacts/80b9cfde-4fa1-4a85-b42a-89fabf54a8231 04-06-2023_08:49:21
PUT /api/contacts/80b9cfde-4fa1-4a85-b42a-89fabf54a823 04-06-2023_08:50:24
GET /api/contacts/ 04-06-2023_08:51:02
DELETE /api/contacts/80b9cfde-4fa1-4a85-b42a-89fabf54a823 04-06-2023_08:51:17
GET /api/contacts/ 04-06-2023_08:51:23
DELETE /api/contacts/467d6ce7-5d9b-42c6-a77f-f90977a627a1 04-06-2023_08:51:34
GET /api/contacts/ 04-06-2023_08:51:38
DELETE /api/contacts/16d17811-d6d8-4aa6-a51f-82dda9e3d3e5 04-06-2023_08:51:49
GET /api/contacts/ 04-06-2023_08:51:53
POST /api/contacts/ 04-06-2023_08:52:09
GET /api/contacts/ 04-06-2023_08:52:12
PUT /api/contacts/641211e4-6d4d-4665-8aeb-75528d116b37 04-06-2023_08:53:01
GET /api/contacts/ 04-06-2023_08:54:14
PUT /api/contacts/1 04-06-2023_08:54:26
PUT /api/contacts/641211e4-6d4d-4665-8aeb-75528d116b37 04-06-2023_08:54:56
GET /api/contacts/ 04-06-2023_08:55:05
PUT /api/contacts/1 04-06-2023_08:55:16
PUT /api/contacts/641211e4-6d4d-4665-8aeb-75528d116b37 04-06-2023_08:55:24
GET /api/contacts/ 04-06-2023_08:55:35
GET /api/contacts 04-06-2023_08:58:26
GET /api/contacts/641211e4-6d4d-4665-8aeb-75528d116b37 04-06-2023_08:58:45
DELETE /api/contacts/641211e4-6d4d-4665-8aeb-75528d116b37 04-06-2023_09:10:42
GET /api/contacts/ 04-06-2023_11:49:46
GET /api/contacts/rsKkOQUi80UsgVPCcLZZW 04-06-2023_11:51:43
GET /api/contacts/rsKkOQUi80UsgVPCcLZZW1 04-06-2023_11:52:17
GET /api/contacts/rsKkOQUi80UsgVPCcLZZW 04-06-2023_11:52:26
POST /api/contacts/ 04-06-2023_11:52:46
POST /api/contacts/ 04-06-2023_11:52:55
POST /api/contacts/ 04-06-2023_11:55:34
POST /api/contacts/ 04-06-2023_11:56:36
POST /api/contacts/ 04-06-2023_11:56:46
POST /api/contacts/ 04-06-2023_11:56:53
POST /api/contacts/ 04-06-2023_11:57:22
DELETE /api/contacts/641211e4-6d4d-4665-8aeb-75528d116b371 05-06-2023_12:04:35
DELETE /api/contacts/edcbb2c6-8097-4eb7-beec-77a66bfaedf6 05-06-2023_12:06:38
GET /api/contacts/rsKkOQUi80UsgVPCcLZZW 05-06-2023_12:27:01
GET /api/contacts/ 06-06-2023_09:54:48
GET /api/contacts/ 06-06-2023_09:55:15
GET /api/contacts/rsKkOQUi80UsgVPCcLZZW 06-06-2023_09:59:48
GET /api/contacts/rsKkOQUi80UsgVPCcLZZW1 06-06-2023_10:02:30
GET /api/contacts/rsKkOQUi80UsgVPCcLZZW1 06-06-2023_10:02:56
PUT /api/contacts/641211e4-6d4d-4665-8aeb-75528d116b371 06-06-2023_10:04:27
POST /api/contacts/rsKkOQUi80UsgVPCcLZZW 06-06-2023_10:15:45
POST /api/contacts/rsKkOQUi80UsgVPCcLZZW 06-06-2023_10:16:01
POST /api/contacts/rsKkOQUi80UsgVPCcLZZW 06-06-2023_10:16:37
POST /api/contacts/rsKkOQUi80UsgVPCcLZZW 06-06-2023_10:18:15
POST /api/contacts/ 06-06-2023_10:18:31
POST /api/contacts/ 06-06-2023_10:18:58
POST /api/contacts/ 06-06-2023_10:19:19
POST /api/contacts/ 06-06-2023_10:19:45
POST /api/contacts/ 06-06-2023_10:20:27
POST /api/contacts/ 06-06-2023_10:20:48
POST /api/contacts/ 06-06-2023_10:21:11
POST /api/contacts/ 06-06-2023_10:27:26
POST /api/contacts/ 06-06-2023_10:28:57
POST /api/contacts/ 06-06-2023_10:33:55
POST /api/contacts/ 06-06-2023_10:34:11
GET /api/contacts/ 06-06-2023_10:35:26
DELETE /api/contacts/962ee311-66e1-46ed-bd52-25fc4be65d331 06-06-2023_10:35:37
DELETE /api/contacts/962ee311-66e1-46ed-bd52-25fc4be65d331 06-06-2023_10:35:54
DELETE /api/contacts/962ee311-66e1-46ed-bd52-25fc4be65d33 06-06-2023_10:35:58
DELETE /api/contacts/962ee311-66e1-46ed-bd52-25fc4be65d331 06-06-2023_10:36:04
PUT /api/contacts/641211e4-6d4d-4665-8aeb-75528d116b371 06-06-2023_10:42:50
PUT /api/contacts/641211e4-6d4d-4665-8aeb-75528d116b371 06-06-2023_10:45:51
PUT /api/contacts/641211e4-6d4d-4665-8aeb-75528d116b371 06-06-2023_10:46:05
PUT /api/contacts/962ee311-66e1-46ed-bd52-25fc4be65d33 06-06-2023_10:46:25
GET /api/contacts/ 06-06-2023_10:46:34
PUT /api/contacts/cd481ea0-dd6e-4824-aba7-eefa38132f25 06-06-2023_10:46:46
PUT /api/contacts/cd481ea0-dd6e-4824-aba7-eefa38132f25 06-06-2023_10:47:26
PUT /api/contacts/cd481ea0-dd6e-4824-aba7-eefa38132f251 06-06-2023_10:47:38
PUT /api/contacts/cd481ea0-dd6e-4824-aba7-eefa38132f25 06-06-2023_10:47:53
POST /api/contacts/ 06-06-2023_10:52:26
POST /api/contacts/ 06-06-2023_10:52:31
POST /api/contacts/ 06-06-2023_10:56:04
POST /api/contacts/ 06-06-2023_10:57:03
POST /api/contacts/ 06-06-2023_10:57:20
POST /api/contacts/ 06-06-2023_11:09:58
POST /api/contacts/ 06-06-2023_11:10:43
GET /api/contacts/ 06-06-2023_11:10:48
GET /api/contacts/ 06-06-2023_11:28:08
GET /api/contacts/ 06-06-2023_11:32:55
GET /api/contacts/ 06-06-2023_11:44:12
POST /api/contacts/ 06-06-2023_11:57:08
POST /api/contacts/ 07-06-2023_12:00:45
POST /api/contacts/ 07-06-2023_12:01:51
POST /api/contacts/ 07-06-2023_12:03:21
POST /api/contacts/ 07-06-2023_12:03:56
POST /api/contacts/ 07-06-2023_12:06:12
GET /api/contacts/rsKkOQUi80UsgVPCcLZZW1 07-06-2023_12:06:20
GET /api/contacts/rsKkOQUi80UsgVPCcLZZW 07-06-2023_12:06:30
DELETE /api/contacts/d01d2cd8-e5ac-4ef3-97af-f4c03ae93fea 07-06-2023_03:50:50
GET /api/contacts/ 07-06-2023_04:58:47
GET /api/contacts/ 07-06-2023_04:59:53
GET /api/contacts/ 07-06-2023_05:02:55
GET /api/contacts/ 07-06-2023_05:03:57
GET /api/contacts/ 07-06-2023_05:04:31
GET /api/contacts/ 07-06-2023_05:05:21
GET /api/contacts/ 07-06-2023_05:05:32
GET /api/contacts/ 07-06-2023_05:06:25
GET /api/contacts/ 07-06-2023_05:07:27
GET /api/contacts/ 07-06-2023_05:07:54
GET /api/contacts/ 07-06-2023_05:08:18
GET /api/contacts/ 07-06-2023_05:10:06
GET /api/contacts/ 07-06-2023_05:11:27
GET /api/contacts/ 07-06-2023_05:11:43
GET /api/contacts/ 07-06-2023_05:12:50
GET /api/contacts/ 07-06-2023_05:13:17
GET /api/contacts/ 07-06-2023_05:13:33
GET /api/contacts/ 07-06-2023_05:15:12
GET /api/contacts/ 07-06-2023_05:15:48
GET /api/contacts/ 07-06-2023_05:16:01
GET /api/contacts/ 07-06-2023_05:16:11
GET /api/contacts/ 07-06-2023_05:17:14
GET /api/contacts/qdggE76Jtbfd9eWJHrssH 07-06-2023_05:32:35
GET /api/contacts/qdggE76Jtbfd9eWJHrssH 07-06-2023_05:33:18
GET /api/contacts/ 07-06-2023_05:58:00
GET /api/contacts/qdggE76Jtbfd9eWJHrssH 07-06-2023_05:59:34
GET /api/contacts/qdggE76Jtbfd9eWJHrssH 07-06-2023_05:59:57
GET /api/contacts/qdggE76Jtbfd9eWJHrssH1 07-06-2023_05:59:59
GET /api/contacts/qdggE76Jtbfd9eWJHrssH1 07-06-2023_06:00:21
GET /api/contacts/qdggE76Jtbfd9eWJHrssH 07-06-2023_06:00:33
GET /api/contacts/qdggE76Jtbfd9eWJHrssH 07-06-2023_06:00:58
GET /api/contacts/ 07-06-2023_06:01:28
GET /api/contacts/vza2RIzNGIwutCVCs4mCL 07-06-2023_06:36:54
GET /api/contacts/vza2RIzNGIwutCVCs4mCL1 07-06-2023_06:36:57
GET /api/contacts/vza2RIzNGIwutCVCs4mCL 07-06-2023_06:36:59
POST /api/contacts/ 07-06-2023_06:39:22
GET /api/contacts/ 07-06-2023_06:45:44
DELETE /api/contacts/a86aa88b-42c5-4c0b-b440-6f97c7b4b2cd 07-06-2023_06:45:57
DELETE /api/contacts/a86aa88b-42c5-4c0b-b440-6f97c7b4b2cd 07-06-2023_06:47:06
DELETE /api/contacts/a86aa88b-42c5-4c0b-b440-6f97c7b4b2cd 07-06-2023_06:48:07
DELETE /api/contacts/a86aa88b-42c5-4c0b-b440-6f97c7b4b2cd 07-06-2023_06:48:43
GET /api/contacts/ 07-06-2023_06:49:01
DELETE /api/contacts/cd481ea0-dd6e-4824-aba7-eefa38132f25 07-06-2023_06:49:25
DELETE /api/contacts/cd481ea0-dd6e-4824-aba7-eefa38132f25 07-06-2023_06:50:00
PUT /api/contacts/cd481ea0-dd6e-4824-aba7-eefa38132f25 07-06-2023_06:54:01
PUT /api/contacts/cd481ea0-dd6e-4824-aba7-eefa38132f25 07-06-2023_06:54:12
PUT /api/contacts/cd481ea0-dd6e-4824-aba7-eefa38132f25 07-06-2023_06:54:14
PUT /api/contacts/cd481ea0-dd6e-4824-aba7-eefa38132f25 07-06-2023_06:55:02
GET /api/contacts/ 07-06-2023_06:57:27
PUT /api/contacts/a86aa88b-42c5-4c0b-b440-6f97c7b4b2cd 07-06-2023_06:57:38
GET /api/contacts/ 07-06-2023_06:57:44
GET /api/contacts/ 07-06-2023_06:58:21